Build started 29-Mar-14 5:57:44 PM.
     1>Project "C:\Users\A.ONE\Documents\GitHub\_PowerFlow\_PowerFlow\_PowerFlow.vcxproj" on node 2 (build target(s)).
     1>PrepareForBuild:
         Creating directory "C:\Users\A.ONE\Documents\GitHub\_PowerFlow\Release\".
       InitializeBuildStatus:
         Creating "Release\_PowerFlow.unsuccessfulbuild" because "AlwaysCreate" was specified.
       ClCompile:
         D:\Program Files\Microsoft Visual Studio 10.0\VC\bin\CL.exe /c /IC:\sfml\include /I"C:\Program Files\SFML-2.1\include" /Zi /nologo /W3 /WX- /O2 /Oi /Oy- /GL /D WIN32 /D NDEBUG /D _CONSOLE /D _UNICODE /D UNICODE /Gm- /EHsc /MD /GS /Gy /fp:precise /Zc:wchar_t /Zc:forScope /Fo"Release\\" /Fd"Release\vc100.pdb" /Gd /TP /analyze- /errorReport:prompt Board.cpp Cell.cpp DataBase.cpp Game.cpp main.cpp Objects.cpp
         Board.cpp
         Cell.cpp
         DataBase.cpp
         Game.cpp
         main.cpp
         Objects.cpp
       Link:
         D:\Program Files\Microsoft Visual Studio 10.0\VC\bin\link.exe /ERRORREPORT:PROMPT /OUT:"C:\Users\A.ONE\Documents\GitHub\_PowerFlow\Release\_PowerFlow.exe" /INCREMENTAL:NO /NOLOGO /LIBPATH:C:\sfml\lib /LIBPATH:"C:\Program Files\SFML-2.1\lib" "sfml-system-d.lib" "sfml-window-d.lib" "sfml-graphics-d.lib" "sfml-network-d.lib" "sfml-audio-d.lib" kernel32.lib user32.lib gdi32.lib winspool.lib comdlg32.lib advapi32.lib shell32.lib ole32.lib oleaut32.lib uuid.lib odbc32.lib odbccp32.lib kernel32.lib user32.lib gdi32.lib winspool.lib comdlg32.lib advapi32.lib shell32.lib ole32.lib oleaut32.lib uuid.lib odbc32.lib odbccp32.lib /MANIFEST /ManifestFile:"Release\_PowerFlow.exe.intermediate.manifest" /MANIFESTUAC:"level='asInvoker' uiAccess='false'" /DEBUG /PDB:"C:\Users\A.ONE\Documents\GitHub\_PowerFlow\Release\_PowerFlow.pdb" /SUBSYSTEM:CONSOLE /OPT:REF /OPT:ICF /LTCG /TLBID:1 /DYNAMICBASE /NXCOMPAT /IMPLIB:"C:\Users\A.ONE\Documents\GitHub\_PowerFlow\Release\_PowerFlow.lib" /MACHINE:X86 Release\Board.obj
         Release\Cell.obj
         Release\DataBase.obj
         Release\Game.obj
         Release\main.obj
         Release\Objects.obj
         Generating code
         Finished generating code
         _PowerFlow.vcxproj -> C:\Users\A.ONE\Documents\GitHub\_PowerFlow\Release\_PowerFlow.exe
       Manifest:
         C:\Program Files\Microsoft SDKs\Windows\v7.0A\bin\mt.exe /nologo /verbose /outputresource:"C:\Users\A.ONE\Documents\GitHub\_PowerFlow\Release\_PowerFlow.exe;#1" /manifest Release\_PowerFlow.exe.intermediate.manifest
       FinalizeBuildStatus:
         Deleting file "Release\_PowerFlow.unsuccessfulbuild".
         Touching "Release\_PowerFlow.lastbuildstate".
     1>Done Building Project "C:\Users\A.ONE\Documents\GitHub\_PowerFlow\_PowerFlow\_PowerFlow.vcxproj" (build target(s)).

Build succeeded.

Time Elapsed 00:00:11.40
